<?xml version="1.0" encoding="UTF-8"?>
<!-- Generated by org.testng.reporters.JUnitXMLReporter -->
<testsuite ignored="0" hostname="Cubrid-windows-" failures="1" tests="1" name="Test" time="0.678" errors="0" timestamp="2022-07-12T02:01:24 UTC">
  <testcase classname="com.cubrid.cubridmigration.core.test.TestJDBC" name="JDBC" time="0.609">
    <failure type="java.lang.ExceptionInInitializerError">
      <![CDATA[java.lang.ExceptionInInitializerError
at org.mariadb.jdbc.Driver.connect(Driver.java:70)
at org.mariadb.jdbc.Driver.connect(Driver.java:101)
at org.mariadb.jdbc.Driver.connect(Driver.java:27)
at com.cubrid.cubridmigration.mariadb.MariaDBDatabase$MariaDBConnHelper.createConnection(MariaDBDatabase.java:129)
at com.cubrid.cubridmigration.core.connection.ConnParameters.createConnection(ConnParameters.java:197)
at com.cubrid.cubridmigration.core.engine.template.TemplateParserTest.getMariaDBCatalog(TemplateParserTest.java:277)
at com.cubrid.cubridmigration.core.engine.template.TemplateParserTest.getMariaDBConfig(TemplateParserTest.java:288)
at com.cubrid.cubridmigration.core.test.TestJDBC.JDBC(TestJDBC.java:15)
at java.base/java.util.ArrayList.forEach(ArrayList.java:1511)
Caused by: java.lang.IllegalStateException: org.slf4j.LoggerFactory could not be successfully initialized. See also http://www.slf4j.org/codes.html#unsuccessfulInit
at org.slf4j.LoggerFactory.getILoggerFactory(LoggerFactory.java:276)
at org.slf4j.LoggerFactory.getLogger(LoggerFactory.java:242)
at org.mariadb.jdbc.util.log.Loggers$Slf4JLoggerFactory.getLogger(Loggers.java:65)
at org.mariadb.jdbc.util.log.Loggers.getLogger(Loggers.java:48)
at org.mariadb.jdbc.client.impl.StandardClient.<clinit>(StandardClient.java:58)
... 36 more
... Removed 27 stack frames]]>
    </failure>
  </testcase> <!-- JDBC -->
</testsuite> <!-- Test -->
