<?xml version="1.0" encoding="UTF-8"?>
<testng-results ignored="0" total="1" passed="0" failed="1" skipped="0">
  <reporter-output>
  </reporter-output>
  <suite started-at="2022-07-12T02:01:24 UTC" name="Suite" finished-at="2022-07-12T02:01:24 UTC" duration-ms="678">
    <groups>
    </groups>
    <test started-at="2022-07-12T02:01:24 UTC" name="Test" finished-at="2022-07-12T02:01:24 UTC" duration-ms="678">
      <class name="com.cubrid.cubridmigration.core.test.TestJDBC">
        <test-method signature="JDBC()[pri:0, instance:com.cubrid.cubridmigration.core.test.TestJDBC@50ad3bc1]" started-at="2022-07-12T02:01:24 UTC" name="JDBC" finished-at="2022-07-12T02:01:24 UTC" duration-ms="609" status="FAIL">
          <exception class="java.lang.ExceptionInInitializerError">
            <full-stacktrace>
              <![CDATA[java.lang.ExceptionInInitializerError
at org.mariadb.jdbc.Driver.connect(Driver.java:70)
at org.mariadb.jdbc.Driver.connect(Driver.java:101)
at org.mariadb.jdbc.Driver.connect(Driver.java:27)
at com.cubrid.cubridmigration.mariadb.MariaDBDatabase$MariaDBConnHelper.createConnection(MariaDBDatabase.java:129)
at com.cubrid.cubridmigration.core.connection.ConnParameters.createConnection(ConnParameters.java:197)
at com.cubrid.cubridmigration.core.engine.template.TemplateParserTest.getMariaDBCatalog(TemplateParserTest.java:277)
at com.cubrid.cubridmigration.core.engine.template.TemplateParserTest.getMariaDBConfig(TemplateParserTest.java:288)
at com.cubrid.cubridmigration.core.test.TestJDBC.JDBC(TestJDBC.java:15)
at java.base/jdk.internal.reflect.NativeMethodAccessorImpl.invoke0(Native Method)
at java.base/jdk.internal.reflect.NativeMethodAccessorImpl.invoke(NativeMethodAccessorImpl.java:77)
at java.base/jdk.internal.reflect.DelegatingMethodAccessorImpl.invoke(DelegatingMethodAccessorImpl.java:43)
at java.base/java.lang.reflect.Method.invoke(Method.java:568)
at org.testng.internal.MethodInvocationHelper.invokeMethod(MethodInvocationHelper.java:133)
at org.testng.internal.TestInvoker.invokeMethod(TestInvoker.java:598)
at org.testng.internal.TestInvoker.invokeTestMethod(TestInvoker.java:173)
at org.testng.internal.MethodRunner.runInSequence(MethodRunner.java:46)
at org.testng.internal.TestInvoker$MethodInvocationAgent.invoke(TestInvoker.java:824)
at org.testng.internal.TestInvoker.invokeTestMethods(TestInvoker.java:146)
at org.testng.internal.TestMethodWorker.invokeTestMethods(TestMethodWorker.java:146)
at org.testng.internal.TestMethodWorker.run(TestMethodWorker.java:128)
at java.base/java.util.ArrayList.forEach(ArrayList.java:1511)
at org.testng.TestRunner.privateRun(TestRunner.java:794)
at org.testng.TestRunner.run(TestRunner.java:596)
at org.testng.SuiteRunner.runTest(SuiteRunner.java:377)
at org.testng.SuiteRunner.runSequentially(SuiteRunner.java:371)
at org.testng.SuiteRunner.privateRun(SuiteRunner.java:332)
at org.testng.SuiteRunner.run(SuiteRunner.java:276)
at org.testng.SuiteRunnerWorker.runSuite(SuiteRunnerWorker.java:53)
at org.testng.SuiteRunnerWorker.run(SuiteRunnerWorker.java:96)
at org.testng.TestNG.runSuitesSequentially(TestNG.java:1212)
at org.testng.TestNG.runSuitesLocally(TestNG.java:1134)
at org.testng.TestNG.runSuites(TestNG.java:1063)
at org.testng.TestNG.run(TestNG.java:1031)
at org.testng.remote.AbstractRemoteTestNG.run(AbstractRemoteTestNG.java:115)
at org.testng.remote.RemoteTestNG.initAndRun(RemoteTestNG.java:251)
at org.testng.remote.RemoteTestNG.main(RemoteTestNG.java:77)
Caused by: java.lang.IllegalStateException: org.slf4j.LoggerFactory could not be successfully initialized. See also http://www.slf4j.org/codes.html#unsuccessfulInit
at org.slf4j.LoggerFactory.getILoggerFactory(LoggerFactory.java:276)
at org.slf4j.LoggerFactory.getLogger(LoggerFactory.java:242)
at org.mariadb.jdbc.util.log.Loggers$Slf4JLoggerFactory.getLogger(Loggers.java:65)
at org.mariadb.jdbc.util.log.Loggers.getLogger(Loggers.java:48)
at org.mariadb.jdbc.client.impl.StandardClient.<clinit>(StandardClient.java:58)
... 36 more
]]>
            </full-stacktrace>
          </exception> <!-- java.lang.ExceptionInInitializerError -->
          <reporter-output>
          </reporter-output>
        </test-method> <!-- JDBC -->
      </class> <!-- com.cubrid.cubridmigration.core.test.TestJDBC -->
    </test> <!-- Test -->
  </suite> <!-- Suite -->
</testng-results>
